Arguments: 
  /usr/bin/node /usr/share/yarn/bin/yarn.js install

PATH: 
  ~/.local/bin:/home/kam/.rbenv/plugins/ruby-build/bin:/home/kam/.rbenv/shims:/home/kam/.rbenv/bin:/home/kam/.local/bin:/usr/local/sbin:/usr/local/bin:/usr/sbin:/usr/bin:/sbin:/bin:/usr/games:/usr/local/games:/snap/bin

Yarn version: 
  1.7.0

Node version: 
  8.11.3

Platform: 
  linux x64

Trace: 
  Error: EACCES: permission denied, unlink '/home/kam/sourcey/designer/node_modules/.yarn-integrity'

npm manifest: 
  {
    "name": "designer",
    "version": "0.2.0",
    "description": "Design rich text markdown pages in Rails applications",
    "main": "app/javascript/designer/index.js",
    "files": [
      "app/javascript/designer/*.js"
    ],
    "repository": "https://github.com/sourcey/designer",
    "author": "Sourcey",
    "contributors": [
      "Kam Low <hello@sourcey.com>"
    ],
    "license": "MIT",
    "private": true,
    "dependencies": {
      "@rails/activestorage": "^6.0.0-alpha",
      "@voerro/vue-tagsinput": "^1.11.2",
      "axios": "^0.19.0",
      "bootstrap": "^4.3.1",
      "bootstrap-vue": "^2.0.0-rc.25",
      "font-awesome": "^4.7.0",
      "font-picker": "^3.0.3",
      "jquery": "^3.3.1",
      "jquery-resizable-dom": "^0.32.0",
      "jquery-serializejson": "^2.8.1",
      "popper.js": "^1.14.6",
      "rails-ujs": "^5.2.1-1",
      "shufflejs": "^5.2.2",
      "simplemde": "^1.11.2",
      "tiptap": "^1.23.0",
      "tiptap-extensions": "^1.24.0",
      "toastr": "^2.1.4",
      "verte": "^0.0.12",
      "vue": "^2.6.10",
      "vue-deepset": "^0.6.3",
      "vue-loader": "^15.4.2",
      "vue-template-compiler": "^2.6.10",
      "vue-upload-component": "^2.8.16",
      "vuedraggable": "^2.17.0"
    }
  }

yarn manifest: 
  No manifest

Lockfile: 
  # THIS IS AN AUTOGENERATED FILE. DO NOT EDIT THIS FILE DIRECTLY.
  # yarn lockfile v1
  
  
  "@nuxt/opencollective@^0.2.2":
    version "0.2.2"
    resolved "https://registry.yarnpkg.com/@nuxt/opencollective/-/opencollective-0.2.2.tgz#17adc7d380457379cd14cbb64a435ea196cc4a6e"
    dependencies:
      chalk "^2.4.1"
      consola "^2.3.0"
      node-fetch "^2.3.0"
  
  "@rails/activestorage@^6.0.0-alpha":
    version "6.0.0-alpha"
    resolved "https://registry.yarnpkg.com/@rails/activestorage/-/activestorage-6.0.0-alpha.tgz#6eb6c0f49bcaa4ad68fcd13a750b9a17f76f086f"
    dependencies:
      spark-md5 "^3.0.0"
  
  "@voerro/vue-tagsinput@^1.11.2":
    version "1.11.2"
    resolved "https://registry.yarnpkg.com/@voerro/vue-tagsinput/-/vue-tagsinput-1.11.2.tgz#61bc701b198c87d0b2e102c1425954068818b6fd"
    dependencies:
      vue "^2.5.0"
  
  "@vue/component-compiler-utils@^2.0.0":
    version "2.3.1"
    resolved "https://registry.yarnpkg.com/@vue/component-compiler-utils/-/component-compiler-utils-2.3.1.tgz#d1c2623f02ad3fe6b6fc9c3762be55c9c61e3977"
    dependencies:
      consolidate "^0.15.1"
      hash-sum "^1.0.2"
      lru-cache "^4.1.2"
      merge-source-map "^1.1.0"
      postcss "^6.0.20"
      postcss-selector-parser "^3.1.1"
      prettier "1.13.7"
      source-map "^0.5.6"
      vue-template-es2015-compiler "^1.6.0"
  
  ansi-styles@^3.2.1:
    version "3.2.1"
    resolved "https://registry.yarnpkg.com/ansi-styles/-/ansi-styles-3.2.1.tgz#41fbb20243e50b12be0f04b8dedbf07520ce841d"
    dependencies:
      color-convert "^1.9.0"
  
  array-parallel@^0.1.3:
    version "0.1.3"
    resolved "https://registry.yarnpkg.com/array-parallel/-/array-parallel-0.1.3.tgz#8f785308926ed5aa478c47e64d1b334b6c0c947d"
  
  axios@^0.19.0:
    version "0.19.0"
    resolved "https://registry.yarnpkg.com/axios/-/axios-0.19.0.tgz#8e09bff3d9122e133f7b8101c8fbdd00ed3d2ab8"
    dependencies:
      follow-redirects "1.5.10"
      is-buffer "^2.0.2"
  
  big.js@^5.2.2:
    version "5.2.2"
    resolved "https://registry.yarnpkg.com/big.js/-/big.js-5.2.2.tgz#65f0af382f578bcdc742bd9c281e9cb2d7768328"
  
  bluebird@^3.1.1:
    version "3.5.3"
    resolved "https://registry.yarnpkg.com/bluebird/-/bluebird-3.5.3.tgz#7d01c6f9616c9a51ab0f8c549a79dfe6ec33efa7"
  
  bootstrap-vue@^2.0.0-rc.24:
    version "2.0.0-rc.24"
    resolved "https://registry.yarnpkg.com/bootstrap-vue/-/bootstrap-vue-2.0.0-rc.24.tgz#8ea5bbcd19e0f9b4f87ed4d9ba72abaa35231f32"
    dependencies:
      "@nuxt/opencollective" "^0.2.2"
      bootstrap "^4.3.1"
      core-js ">=2.6.5 <3.0.0"
      popper.js "^1.15.0"
      portal-vue "^2.1.5"
      vue-functional-data-merge "^3.1.0"
  
  bootstrap@^4.3.1:
    version "4.3.1"
    resolved "https://registry.yarnpkg.com/bootstrap/-/bootstrap-4.3.1.tgz#280ca8f610504d99d7b6b4bfc4b68cec601704ac"
  
  chalk@^2.4.1:
    version "2.4.1"
    resolved "https://registry.yarnpkg.com/chalk/-/chalk-2.4.1.tgz#18c49ab16a037b6eb0152cc83e3471338215b66e"
    dependencies:
      ansi-styles "^3.2.1"
      escape-string-regexp "^1.0.5"
      supports-color "^5.3.0"
  
  codemirror-spell-checker@*:
    version "1.1.2"
    resolved "https://registry.yarnpkg.com/codemirror-spell-checker/-/codemirror-spell-checker-1.1.2.tgz#1c660f9089483ccb5113b9ba9ca19c3f4993371e"
    dependencies:
      typo-js "*"
  
  codemirror@*:
    version "5.42.2"
    resolved "https://registry.yarnpkg.com/codemirror/-/codemirror-5.42.2.tgz#801ab715a7a7e1c7ed4162b78e9d8138b98de8f0"
  
  color-convert@^1.9.0:
    version "1.9.3"
    resolved "https://registry.yarnpkg.com/color-convert/-/color-convert-1.9.3.tgz#bb71850690e1f136567de629d2d5471deda4c1e8"
    dependencies:
      color-name "1.1.3"
  
  color-fns@^0.0.9:
    version "0.0.9"
    resolved "https://registry.yarnpkg.com/color-fns/-/color-fns-0.0.9.tgz#6f98f0f2a8d92e5509d6d207f28c2d185a331bda"
  
  color-name@1.1.3:
    version "1.1.3"
    resolved "https://registry.yarnpkg.com/color-name/-/color-name-1.1.3.tgz#a7d0558bd89c42f795dd42328f740831ca53bc25"
  
  consola@^2.3.0:
    version "2.7.1"
    resolved "https://registry.yarnpkg.com/consola/-/consola-2.7.1.tgz#3f7f7c53eb44362240c3aee41b9bb2641d5ca32e"
  
  consolidate@^0.15.1:
    version "0.15.1"
    resolved "https://registry.yarnpkg.com/consolidate/-/consolidate-0.15.1.tgz#21ab043235c71a07d45d9aad98593b0dba56bab7"
    dependencies:
      bluebird "^3.1.1"
  
  "core-js@>=2.6.5 <3.0.0":
    version "2.6.9"
    resolved "https://registry.yarnpkg.com/core-js/-/core-js-2.6.9.tgz#6b4b214620c834152e179323727fc19741b084f2"
  
  de-indent@^1.0.2:
    version "1.0.2"
    resolved "https://registry.yarnpkg.com/de-indent/-/de-indent-1.0.2.tgz#b2038e846dc33baa5796128d0804b455b8c1e21d"
  
  debug@=3.1.0:
    version "3.1.0"
    resolved "https://registry.yarnpkg.com/debug/-/debug-3.1.0.tgz#5bb5a0672628b64149566ba16819e61518c67261"
    dependencies:
      ms "2.0.0"
  
  dot-prop@^4.1.1:
    version "4.2.0"
    resolved "https://registry.yarnpkg.com/dot-prop/-/dot-prop-4.2.0.tgz#1f19e0c2e1aa0e32797c49799f2837ac6af69c57"
    dependencies:
      is-obj "^1.0.0"
  
  emojis-list@^2.0.0:
    version "2.1.0"
    resolved "https://registry.yarnpkg.com/emojis-list/-/emojis-list-2.1.0.tgz#4daa4d9db00f9819880c79fa457ae5b09a1fd389"
  
  escape-string-regexp@^1.0.5:
    version "1.0.5"
    resolved "https://registry.yarnpkg.com/escape-string-regexp/-/escape-string-regexp-1.0.5.tgz#1b61c0562190a8dff6ae3bb2cf0200ca130b86d4"
  
  fault@^1.0.2:
    version "1.0.3"
    resolved "https://registry.yarnpkg.com/fault/-/fault-1.0.3.tgz#4da88cf979b6b792b4e13c7ec836767725170b7e"
    dependencies:
      format "^0.2.2"
  
  follow-redirects@1.5.10:
    version "1.5.10"
    resolved "https://registry.yarnpkg.com/follow-redirects/-/follow-redirects-1.5.10.tgz#7b7a9f9aea2fdff36786a94ff643ed07f4ff5e2a"
    dependencies:
      debug "=3.1.0"
  
  font-awesome@^4.7.0:
    version "4.7.0"
    resolved "https://registry.yarnpkg.com/font-awesome/-/font-awesome-4.7.0.tgz#8fa8cf0411a1a31afd07b06d2902bb9fc815a133"
  
  font-picker@^3.0.3:
    version "3.0.3"
    resolved "https://registry.yarnpkg.com/font-picker/-/font-picker-3.0.3.tgz#0eaa8b26f26ea1fdab4955c4fb476df56e27e680"
  
  format@^0.2.2:
    version "0.2.2"
    resolved "https://registry.yarnpkg.com/format/-/format-0.2.2.tgz#d6170107e9efdc4ed30c9dc39016df942b5cb58b"
  
  has-flag@^3.0.0:
    version "3.0.0"
    resolved "https://registry.yarnpkg.com/has-flag/-/has-flag-3.0.0.tgz#b5d454dc2199ae225699f3467e5a07f3b955bafd"
  
  hash-sum@^1.0.2:
    version "1.0.2"
    resolved "https://registry.yarnpkg.com/hash-sum/-/hash-sum-1.0.2.tgz#33b40777754c6432573c120cc3808bbd10d47f04"
  
  he@^1.1.0:
    version "1.2.0"
    resolved "https://registry.yarnpkg.com/he/-/he-1.2.0.tgz#84ae65fa7eafb165fddb61566ae14baf05664f0f"
  
  highlight.js@~9.15.0:
    version "9.15.8"
    resolved "https://registry.yarnpkg.com/highlight.js/-/highlight.js-9.15.8.tgz#f344fda123f36f1a65490e932cf90569e4999971"
  
  indexes-of@^1.0.1:
    version "1.0.1"
    resolved "https://registry.yarnpkg.com/indexes-of/-/indexes-of-1.0.1.tgz#f30f716c8e2bd346c7b67d3df3915566a7c05607"
  
  is-buffer@^2.0.2:
    version "2.0.3"
    resolved "https://registry.yarnpkg.com/is-buffer/-/is-buffer-2.0.3.tgz#4ecf3fcf749cbd1e472689e109ac66261a25e725"
  
  is-obj@^1.0.0:
    version "1.0.1"
    resolved "http://registry.npmjs.org/is-obj/-/is-obj-1.0.1.tgz#3e4729ac1f5fde025cd7d83a896dab9f4f67db0f"
  
  jquery-resizable-dom@^0.32.0:
    version "0.32.0"
    resolved "https://registry.yarnpkg.com/jquery-resizable-dom/-/jquery-resizable-dom-0.32.0.tgz#85269fdc604fce3e0b15fe65f2ebb7ca7d4dd247"
    dependencies:
      jquery "~3.3.1"
  
  jquery-serializejson@^2.8.1:
    version "2.9.0"
    resolved "https://registry.yarnpkg.com/jquery-serializejson/-/jquery-serializejson-2.9.0.tgz#03e3764e3a4b42c1c5aae9f93d7f19320c5f35a6"
  
  jquery@>=1.12.0, jquery@^3.3.1, jquery@~3.3.1:
    version "3.3.1"
    resolved "https://registry.yarnpkg.com/jquery/-/jquery-3.3.1.tgz#958ce29e81c9790f31be7792df5d4d95fc57fbca"
  
  json5@^1.0.1:
    version "1.0.1"
    resolved "http://registry.npmjs.org/json5/-/json5-1.0.1.tgz#779fb0018604fa854eacbf6252180d83543e3dbe"
    dependencies:
      minimist "^1.2.0"
  
  loader-utils@^1.0.2, loader-utils@^1.1.0:
    version "1.2.3"
    resolved "https://registry.yarnpkg.com/loader-utils/-/loader-utils-1.2.3.tgz#1ff5dc6911c9f0a062531a4c04b609406108c2c7"
    dependencies:
      big.js "^5.2.2"
      emojis-list "^2.0.0"
      json5 "^1.0.1"
  
  lowlight@^1.12.1:
    version "1.12.1"
    resolved "https://registry.yarnpkg.com/lowlight/-/lowlight-1.12.1.tgz#014acf8dd73a370e02ff1cc61debcde3bb1681eb"
    dependencies:
      fault "^1.0.2"
      highlight.js "~9.15.0"
  
  lru-cache@^4.1.2:
    version "4.1.5"
    resolved "https://registry.yarnpkg.com/lru-cache/-/lru-cache-4.1.5.tgz#8bbe50ea85bed59bc9e33dcab8235ee9bcf443cd"
    dependencies:
      pseudomap "^1.0.2"
      yallist "^2.1.2"
  
  marked@*:
    version "0.5.2"
    resolved "https://registry.yarnpkg.com/marked/-/marked-0.5.2.tgz#3efdb27b1fd0ecec4f5aba362bddcd18120e5ba9"
  
  matches-selector@^1.0.0:
    version "1.2.0"
    resolved "https://registry.yarnpkg.com/matches-selector/-/matches-selector-1.2.0.tgz#d1814e7e8f43e69d22ac33c9af727dc884ecf12a"
  
  merge-source-map@^1.1.0:
    version "1.1.0"
    resolved "https://registry.yarnpkg.com/merge-source-map/-/merge-source-map-1.1.0.tgz#2fdde7e6020939f70906a68f2d7ae685e4c8c646"
    dependencies:
      source-map "^0.6.1"
  
  minimist@^1.2.0:
    version "1.2.0"
    resolved "http://registry.npmjs.org/minimist/-/minimist-1.2.0.tgz#a35008b20f41383eec1fb914f4cd5df79a264284"
  
  ms@2.0.0:
    version "2.0.0"
    resolved "https://registry.yarnpkg.com/ms/-/ms-2.0.0.tgz#5608aeadfc00be6c2901df5f9861788de0d597c8"
  
  node-fetch@^2.3.0:
    version "2.6.0"
    resolved "https://registry.yarnpkg.com/node-fetch/-/node-fetch-2.6.0.tgz#e633456386d4aa55863f676a7ab0daa8fdecb0fd"
  
  orderedmap@^1.0.0:
    version "1.0.0"
    resolved "https://registry.yarnpkg.com/orderedmap/-/orderedmap-1.0.0.tgz#d90fc2ba1ed085190907d601dec6e6a53f8d41ba"
  
  popper.js@^1.14.6:
    version "1.14.6"
    resolved "https://registry.yarnpkg.com/popper.js/-/popper.js-1.14.6.tgz#ab20dd4edf9288b8b3b6531c47c361107b60b4b0"
  
  popper.js@^1.15.0:
    version "1.15.0"
    resolved "https://registry.yarnpkg.com/popper.js/-/popper.js-1.15.0.tgz#5560b99bbad7647e9faa475c6b8056621f5a4ff2"
  
  portal-vue@^2.1.5:
    version "2.1.5"
    resolved "https://registry.yarnpkg.com/portal-vue/-/portal-vue-2.1.5.tgz#ecd0997cb32958205151cb72f40fd4f38d175e5c"
  
  postcss-selector-parser@^3.1.1:
    version "3.1.1"
    resolved "https://registry.yarnpkg.com/postcss-selector-parser/-/postcss-selector-parser-3.1.1.tgz#4f875f4afb0c96573d5cf4d74011aee250a7e865"
    dependencies:
      dot-prop "^4.1.1"
      indexes-of "^1.0.1"
      uniq "^1.0.1"
  
  postcss@^6.0.20:
    version "6.0.23"
    resolved "https://registry.yarnpkg.com/postcss/-/postcss-6.0.23.tgz#61c82cc328ac60e677645f979054eb98bc0e3324"
    dependencies:
      chalk "^2.4.1"
      source-map "^0.6.1"
      supports-color "^5.4.0"
  
  prettier@1.13.7:
    version "1.13.7"
    resolved "https://registry.yarnpkg.com/prettier/-/prettier-1.13.7.tgz#850f3b8af784a49a6ea2d2eaa7ed1428a34b7281"
  
  prosemirror-collab@^1.1.2:
    version "1.1.2"
    resolved "https://registry.yarnpkg.com/prosemirror-collab/-/prosemirror-collab-1.1.2.tgz#622fdc52692a83045ba6914c01a0416ff35f646a"
    dependencies:
      prosemirror-state "^1.0.0"
  
  prosemirror-commands@^1.0.8:
    version "1.0.8"
    resolved "https://registry.yarnpkg.com/prosemirror-commands/-/prosemirror-commands-1.0.8.tgz#3b21e8b2f2e1c04ddb831b2d4055084b6d627bcc"
    dependencies:
      prosemirror-model "^1.0.0"
      prosemirror-state "^1.0.0"
      prosemirror-transform "^1.0.0"
  
  prosemirror-dropcursor@^1.1.1:
    version "1.1.1"
    resolved "https://registry.yarnpkg.com/prosemirror-dropcursor/-/prosemirror-dropcursor-1.1.1.tgz#c60ed1ed6c58804a06a75db06a0d993b087b7622"
    dependencies:
      prosemirror-state "^1.0.0"
      prosemirror-transform "^1.1.0"
      prosemirror-view "^1.1.0"
  
  prosemirror-gapcursor@^1.0.4:
    version "1.0.4"
    resolved "https://registry.yarnpkg.com/prosemirror-gapcursor/-/prosemirror-gapcursor-1.0.4.tgz#4ba663fb8511616e18ad222c904403cfbf6866dc"
    dependencies:
      prosemirror-keymap "^1.0.0"
      prosemirror-model "^1.0.0"
      prosemirror-state "^1.0.0"
      prosemirror-view "^1.0.0"
  
  prosemirror-history@^1.0.4:
    version "1.0.4"
    resolved "https://registry.yarnpkg.com/prosemirror-history/-/prosemirror-history-1.0.4.tgz#313a15489a78795321f3a37d53d8c68610c5adb6"
    dependencies:
      prosemirror-state "^1.2.2"
      prosemirror-transform "^1.0.0"
      rope-sequence "^1.2.0"
  
  prosemirror-inputrules@^1.0.4:
    version "1.0.4"
    resolved "https://registry.yarnpkg.com/prosemirror-inputrules/-/prosemirror-inputrules-1.0.4.tgz#8ae84d9c147abb448b86063ff422e801c4b1658d"
    dependencies:
      prosemirror-state "^1.0.0"
      prosemirror-transform "^1.0.0"
  
  prosemirror-keymap@^1.0.0, prosemirror-keymap@^1.0.1:
    version "1.0.1"
    resolved "https://registry.yarnpkg.com/prosemirror-keymap/-/prosemirror-keymap-1.0.1.tgz#03ef32b828e3a859dfb570eb84928bf2e5330bc2"
    dependencies:
      prosemirror-state "^1.0.0"
      w3c-keyname "^1.1.8"
  
  prosemirror-model@^1.0.0, prosemirror-model@^1.1.0, prosemirror-model@^1.7.1:
    version "1.7.1"
    resolved "https://registry.yarnpkg.com/prosemirror-model/-/prosemirror-model-1.7.1.tgz#f140a6e366e1e283aa7a94dbb8c2c7d13139689e"
    dependencies:
      orderedmap "^1.0.0"
  
  prosemirror-schema-list@^1.0.3:
    version "1.0.3"
    resolved "https://registry.yarnpkg.com/prosemirror-schema-list/-/prosemirror-schema-list-1.0.3.tgz#539caafa4f9314000943bd783be4017165ec0bd6"
    dependencies:
      prosemirror-model "^1.0.0"
      prosemirror-transform "^1.0.0"
  
  prosemirror-state@^1.0.0, prosemirror-state@^1.2.2, prosemirror-state@^1.2.3:
    version "1.2.3"
    resolved "https://registry.yarnpkg.com/prosemirror-state/-/prosemirror-state-1.2.3.tgz#b61e88e55336a4e5be088c0d21ac05f18cdd3dcd"
    dependencies:
      prosemirror-model "^1.0.0"
      prosemirror-transform "^1.0.0"
  
  prosemirror-tables@^0.8.1:
    version "0.8.1"
    resolved "https://registry.yarnpkg.com/prosemirror-tables/-/prosemirror-tables-0.8.1.tgz#ea99ad4effec99dd4e2fdb0b33cce4d2547eed83"
    dependencies:
      prosemirror-keymap "^1.0.0"
      prosemirror-model "^1.0.0"
      prosemirror-state "^1.0.0"
      prosemirror-transform "^1.0.0"
      prosemirror-view "^1.0.0"
  
  prosemirror-transform@^1.0.0, prosemirror-transform@^1.1.0, prosemirror-transform@^1.1.3:
    version "1.1.3"
    resolved "https://registry.yarnpkg.com/prosemirror-transform/-/prosemirror-transform-1.1.3.tgz#28cfdf1f9ee514edc40466be7b7db39eed545fdf"
    dependencies:
      prosemirror-model "^1.0.0"
  
  prosemirror-utils@^0.9.2:
    version "0.9.2"
    resolved "https://registry.yarnpkg.com/prosemirror-utils/-/prosemirror-utils-0.9.2.tgz#1d0c9134a7dae12516e81e7d232dbb9290567a11"
  
  prosemirror-view@^1.0.0, prosemirror-view@^1.1.0, prosemirror-view@^1.9.10:
    version "1.9.11"
    resolved "https://registry.yarnpkg.com/prosemirror-view/-/prosemirror-view-1.9.11.tgz#7b419e2461c460730fa9f5067548aa67330aaff6"
    dependencies:
      prosemirror-model "^1.1.0"
      prosemirror-state "^1.0.0"
      prosemirror-transform "^1.1.0"
  
  pseudomap@^1.0.2:
    version "1.0.2"
    resolved "https://registry.yarnpkg.com/pseudomap/-/pseudomap-1.0.2.tgz#f052a28da70e618917ef0a8ac34c1ae5a68286b3"
  
  rails-ujs@^5.2.1-1:
    version "5.2.2"
    resolved "https://registry.yarnpkg.com/rails-ujs/-/rails-ujs-5.2.2.tgz#ab01dd087a323975637b50e93e7afcc0f9068568"
  
  rope-sequence@^1.2.0:
    version "1.2.2"
    resolved "https://registry.yarnpkg.com/rope-sequence/-/rope-sequence-1.2.2.tgz#49c4e5c2f54a48e990b050926771e2871bcb31ce"
  
  shufflejs@^5.2.2:
    version "5.2.2"
    resolved "https://registry.yarnpkg.com/shufflejs/-/shufflejs-5.2.2.tgz#f9d5e7de834d73e0a68cb72c2aa3484b0f308465"
    dependencies:
      array-parallel "^0.1.3"
      matches-selector "^1.0.0"
      throttleit "^1.0.0"
      tiny-emitter "^2.1.0"
  
  simplemde@^1.11.2:
    version "1.11.2"
    resolved "https://registry.yarnpkg.com/simplemde/-/simplemde-1.11.2.tgz#a23a35d978d2c40ef07dec008c92f070d8e080e3"
    dependencies:
      codemirror "*"
      codemirror-spell-checker "*"
      marked "*"
  
  sortablejs@^1.7.0:
    version "1.7.0"
    resolved "https://registry.yarnpkg.com/sortablejs/-/sortablejs-1.7.0.tgz#80a2b2370abd568e1cec8c271131ef30a904fa28"
  
  source-map@^0.5.6:
    version "0.5.7"
    resolved "https://registry.yarnpkg.com/source-map/-/source-map-0.5.7.tgz#8a039d2d1021d22d1ea14c80d8ea468ba2ef3fcc"
  
  source-map@^0.6.1:
    version "0.6.1"
    resolved "https://registry.yarnpkg.com/source-map/-/source-map-0.6.1.tgz#74722af32e9614e9c287a8d0bbde48b5e2f1a263"
  
  spark-md5@^3.0.0:
    version "3.0.0"
    resolved "https://registry.yarnpkg.com/spark-md5/-/spark-md5-3.0.0.tgz#3722227c54e2faf24b1dc6d933cc144e6f71bfef"
  
  supports-color@^5.3.0, supports-color@^5.4.0:
    version "5.5.0"
    resolved "https://registry.yarnpkg.com/supports-color/-/supports-color-5.5.0.tgz#e2e69a44ac8772f78a1ec0b35b689df6530efc8f"
    dependencies:
      has-flag "^3.0.0"
  
  throttleit@^1.0.0:
    version "1.0.0"
    resolved "https://registry.yarnpkg.com/throttleit/-/throttleit-1.0.0.tgz#9e785836daf46743145a5984b6268d828528ac6c"
  
  tiny-emitter@^2.1.0:
    version "2.1.0"
    resolved "https://registry.yarnpkg.com/tiny-emitter/-/tiny-emitter-2.1.0.tgz#1d1a56edfc51c43e863cbb5382a72330e3555423"
  
  tiptap-commands@^1.10.8:
    version "1.10.8"
    resolved "https://registry.yarnpkg.com/tiptap-commands/-/tiptap-commands-1.10.8.tgz#b2fe4e5d0c1faa894a4c990b3c74aca7b0b768d6"
    dependencies:
      prosemirror-commands "^1.0.8"
      prosemirror-inputrules "^1.0.4"
      prosemirror-model "^1.7.1"
      prosemirror-schema-list "^1.0.3"
      prosemirror-state "^1.2.3"
      prosemirror-tables "^0.8.1"
      prosemirror-utils "^0.9.2"
      tiptap-utils "^1.5.6"
  
  tiptap-extensions@^1.24.0:
    version "1.24.0"
    resolved "https://registry.yarnpkg.com/tiptap-extensions/-/tiptap-extensions-1.24.0.tgz#c13328de0b442be956f05fdbba944e6dc56a17ba"
    dependencies:
      lowlight "^1.12.1"
      prosemirror-collab "^1.1.2"
      prosemirror-history "^1.0.4"
      prosemirror-model "^1.7.1"
      prosemirror-state "^1.2.3"
      prosemirror-tables "^0.8.1"
      prosemirror-transform "^1.1.3"
      prosemirror-utils "^0.9.2"
      prosemirror-view "^1.9.10"
      tiptap "^1.23.0"
      tiptap-commands "^1.10.8"
  
  tiptap-utils@^1.5.6:
    version "1.5.6"
    resolved "https://registry.yarnpkg.com/tiptap-utils/-/tiptap-utils-1.5.6.tgz#f20aabc337ee33cc9da0bb6e5b9652020f31d87f"
    dependencies:
      prosemirror-model "^1.7.1"
      prosemirror-state "^1.2.3"
      prosemirror-tables "^0.8.1"
      prosemirror-utils "^0.9.2"
  
  tiptap@^1.23.0:
    version "1.23.0"
    resolved "https://registry.yarnpkg.com/tiptap/-/tiptap-1.23.0.tgz#aa97688f70e22d3889b82b4c344ec6f933a9646b"
    dependencies:
      prosemirror-commands "^1.0.8"
      prosemirror-dropcursor "^1.1.1"
      prosemirror-gapcursor "^1.0.4"
      prosemirror-inputrules "^1.0.4"
      prosemirror-keymap "^1.0.1"
      prosemirror-model "^1.7.1"
      prosemirror-state "^1.2.3"
      prosemirror-view "^1.9.10"
      tiptap-commands "^1.10.8"
      tiptap-utils "^1.5.6"
  
  toastr@^2.1.4:
    version "2.1.4"
    resolved "https://registry.yarnpkg.com/toastr/-/toastr-2.1.4.tgz#8b43be64fb9d0c414871446f2db8e8ca4e95f181"
    dependencies:
      jquery ">=1.12.0"
  
  typo-js@*:
    version "1.0.3"
    resolved "https://registry.yarnpkg.com/typo-js/-/typo-js-1.0.3.tgz#54d8ebc7949f1a7810908b6002c6841526c99d5a"
  
  uniq@^1.0.1:
    version "1.0.1"
    resolved "https://registry.yarnpkg.com/uniq/-/uniq-1.0.1.tgz#b31c5ae8254844a3a8281541ce2b04b865a734ff"
  
  verte@^0.0.9:
    version "0.0.9"
    resolved "https://registry.yarnpkg.com/verte/-/verte-0.0.9.tgz#c4cbfe3cc7cf317bd026fa005a05d6cb0a9609ec"
    dependencies:
      color-fns "^0.0.9"
  
  vue-deepset@^0.6.3:
    version "0.6.3"
    resolved "https://registry.yarnpkg.com/vue-deepset/-/vue-deepset-0.6.3.tgz#fdc644c496803bbaf8864bb3b6f639dad7e9a9dd"
  
  vue-functional-data-merge@^3.1.0:
    version "3.1.0"
    resolved "https://registry.yarnpkg.com/vue-functional-data-merge/-/vue-functional-data-merge-3.1.0.tgz#08a7797583b7f35680587f8a1d51d729aa1dc657"
  
  vue-hot-reload-api@^2.3.0:
    version "2.3.1"
    resolved "https://registry.yarnpkg.com/vue-hot-reload-api/-/vue-hot-reload-api-2.3.1.tgz#b2d3d95402a811602380783ea4f566eb875569a2"
  
  vue-loader@^15.4.2:
    version "15.4.2"
    resolved "https://registry.yarnpkg.com/vue-loader/-/vue-loader-15.4.2.tgz#812bb26e447dd3b84c485eb634190d914ce125e2"
    dependencies:
      "@vue/component-compiler-utils" "^2.0.0"
      hash-sum "^1.0.2"
      loader-utils "^1.1.0"
      vue-hot-reload-api "^2.3.0"
      vue-style-loader "^4.1.0"
  
  vue-style-loader@^4.1.0:
    version "4.1.2"
    resolved "https://registry.yarnpkg.com/vue-style-loader/-/vue-style-loader-4.1.2.tgz#dedf349806f25ceb4e64f3ad7c0a44fba735fcf8"
    dependencies:
      hash-sum "^1.0.2"
      loader-utils "^1.0.2"
  
  vue-template-compiler@^2.6.10:
    version "2.6.10"
    resolved "https://registry.yarnpkg.com/vue-template-compiler/-/vue-template-compiler-2.6.10.tgz#323b4f3495f04faa3503337a82f5d6507799c9cc"
    dependencies:
      de-indent "^1.0.2"
      he "^1.1.0"
  
  vue-template-es2015-compiler@^1.6.0:
    version "1.6.0"
    resolved "https://registry.yarnpkg.com/vue-template-es2015-compiler/-/vue-template-es2015-compiler-1.6.0.tgz#dc42697133302ce3017524356a6c61b7b69b4a18"
  
  vue-upload-component@^2.8.16:
    version "2.8.16"
    resolved "https://registry.yarnpkg.com/vue-upload-component/-/vue-upload-component-2.8.16.tgz#cf8c9c7d6b342a5e0485d6955cebd22f31806ed2"
  
  vue@^2.5.0:
    version "2.5.21"
    resolved "https://registry.yarnpkg.com/vue/-/vue-2.5.21.tgz#3d33dcd03bb813912ce894a8303ab553699c4a85"
  
  vue@^2.6.10:
    version "2.6.10"
    resolved "https://registry.yarnpkg.com/vue/-/vue-2.6.10.tgz#a72b1a42a4d82a721ea438d1b6bf55e66195c637"
  
  vuedraggable@^2.17.0:
    version "2.17.0"
    resolved "https://registry.yarnpkg.com/vuedraggable/-/vuedraggable-2.17.0.tgz#489c16c9bcb9eb06f441944d3c52e5f2bb7060f9"
    dependencies:
      sortablejs "^1.7.0"
  
  w3c-keyname@^1.1.8:
    version "1.1.8"
    resolved "https://registry.yarnpkg.com/w3c-keyname/-/w3c-keyname-1.1.8.tgz#4e2219663760fd6535b7a1550f1552d71fc9372c"
  
  yallist@^2.1.2:
    version "2.1.2"
    resolved "https://registry.yarnpkg.com/yallist/-/yallist-2.1.2.tgz#1c11f9218f076089a47dd512f93c6699a6a81d52"
